# JRE version: OpenJDK Runtime Environment Corretto-19.0.2.7.1 (19.0.2+7) (build 19.0.2+7-FR)
# Java VM: OpenJDK 64-Bit Server VM Corretto-19.0.2.7.1 (19.0.2+7-FR, mixed mode, emulated-client, sharing, tiered, compressed oops, compressed class ptrs, g1 gc, windows-amd64)
GC Precious Log:
 CardTable entry size: 512
 Card Set container configuration: InlinePtr #cards 4 size 8 Array Of Cards #cards 16 size 48 Howl #buckets 8 coarsen threshold 3686 Howl Bitmap #cards 512 size 80 coarsen threshold 460 Card regions per heap region 1 cards per card region 4096
 CPUs: 16 total, 16 available
 Memory: 15791M
 Large Page Support: Disabled
 NUMA Support: Disabled
 Compressed Oops: Enabled (Zero based)
 Heap Region Size: 2M
 Heap Min Capacity: 8M
 Heap Initial Capacity: 248M
 Heap Max Capacity: 3948M
 Pre-touch: Disabled
 Parallel Workers: 13
 Concurrent Workers: 3
 Concurrent Refinement Workers: 13
 Periodic GC: Disabled
Heap:
 garbage-first heap   total 59392K, used 29856K [0x0000000709400000, 0x0000000800000000)
  region size 2048K, 9 young (18432K), 1 survivors (2048K)
 Metaspace       used 26452K, committed 26880K, reserved 1114112K
  class space    used 3580K, committed 3776K, reserved 1048576K
GC Heap History (10 events):
Event: 0.434 GC heap before
{Heap before GC invocations=0 (full 0):
 garbage-first heap   total 253952K, used 22528K [0x0000000709400000, 0x0000000800000000)
  region size 2048K, 11 young (22528K), 0 survivors (0K)
 Metaspace       used 6730K, committed 6912K, reserved 1114112K
  class space    used 796K, committed 896K, reserved 1048576K
}
Event: 0.438 GC heap after
{Heap after GC invocations=1 (full 0):
 garbage-first heap   total 253952K, used 6989K [0x0000000709400000, 0x0000000800000000)
  region size 2048K, 2 young (4096K), 2 survivors (4096K)
 Metaspace       used 6730K, committed 6912K, reserved 1114112K
  class space    used 796K, committed 896K, reserved 1048576K
}
Event: 0.723 GC heap before
{Heap before GC invocations=1 (full 0):
 garbage-first heap   total 253952K, used 31565K [0x0000000709400000, 0x0000000800000000)
  region size 2048K, 14 young (28672K), 2 survivors (4096K)
 Metaspace       used 12225K, committed 12480K, reserved 1114112K
  class space    used 1593K, committed 1728K, reserved 1048576K
}
Event: 0.726 GC heap after
{Heap after GC invocations=2 (full 0):
 garbage-first heap   total 253952K, used 8840K [0x0000000709400000, 0x0000000800000000)
  region size 2048K, 1 young (2048K), 1 survivors (2048K)
 Metaspace       used 12225K, committed 12480K, reserved 1114112K
  class space    used 1593K, committed 1728K, reserved 1048576K
}
Event: 1.023 GC heap before
{Heap before GC invocations=2 (full 0):
 garbage-first heap   total 253952K, used 55944K [0x0000000709400000, 0x0000000800000000)
  region size 2048K, 26 young (53248K), 1 survivors (2048K)
 Metaspace       used 21217K, committed 21504K, reserved 1114112K
  class space    used 2765K, committed 2944K, reserved 1048576K
}
Event: 1.026 GC heap after
{Heap after GC invocations=3 (full 0):
 garbage-first heap   total 253952K, used 12935K [0x0000000709400000, 0x0000000800000000)
  region size 2048K, 3 young (6144K), 3 survivors (6144K)
 Metaspace       used 21217K, committed 21504K, reserved 1114112K
  class space    used 2765K, committed 2944K, reserved 1048576K
}
Event: 1.345 GC heap before
{Heap before GC invocations=4 (full 0):
 garbage-first heap   total 55296K, used 47751K [0x0000000709400000, 0x0000000800000000)
  region size 2048K, 20 young (40960K), 3 survivors (6144K)
 Metaspace       used 24265K, committed 24704K, reserved 1114112K
  class space    used 3248K, committed 3456K, reserved 1048576K
}
Event: 1.351 GC heap after
{Heap after GC invocations=5 (full 0):
 garbage-first heap   total 59392K, used 14806K [0x0000000709400000, 0x0000000800000000)
  region size 2048K, 2 young (4096K), 2 survivors (4096K)
 Metaspace       used 24265K, committed 24704K, reserved 1114112K
  class space    used 3248K, committed 3456K, reserved 1048576K
}
Event: 1.374 GC heap before
{Heap before GC invocations=5 (full 0):
 garbage-first heap   total 59392K, used 16854K [0x0000000709400000, 0x0000000800000000)
  region size 2048K, 3 young (6144K), 2 survivors (4096K)
 Metaspace       used 24391K, committed 24768K, reserved 1114112K
  class space    used 3275K, committed 3456K, reserved 1048576K
}
Event: 1.377 GC heap after
{Heap after GC invocations=6 (full 0):
 garbage-first heap   total 59392K, used 15520K [0x0000000709400000, 0x0000000800000000)
  region size 2048K, 1 young (2048K), 1 survivors (2048K)
 Metaspace       used 24391K, committed 24768K, reserved 1114112K
  class space    used 3275K, committed 3456K, reserved 1048576K
}

